*************************************************************************
2019-07-24 21:57:25
INFOMATION
魏婴将学生"裴熙"的成绩从"90"改为"67"

*************************************************************************
*************************************************************************
2019-07-24 21:57:29
INFOMATION
魏婴将学生"裴熙"的成绩从"67"改为"89"

*************************************************************************
*************************************************************************
2019-07-24 21:57:35
INFOMATION
魏婴将学生"郝好"的成绩从"78"改为"69"

*************************************************************************
*************************************************************************
2019-07-24 21:57:39
INFOMATION
魏婴将学生"郝好"的成绩从"69"改为"96"

*************************************************************************
*************************************************************************
2019-07-24 21:57:43
INFOMATION
魏婴将学生"裴熙"的成绩从"89"改为"96"

*************************************************************************
*************************************************************************
2019-07-24 21:57:48
INFOMATION
魏婴将学生"裴熙"的成绩从"96"改为"59"

*************************************************************************
*************************************************************************
2019-07-24 22:01:00
INFOMATION
魏婴将课程"计算机网络"的课程名从"计算机网络"改为"计算机网络1"

*************************************************************************
*************************************************************************
2019-07-24 22:01:02
INFOMATION
魏婴将课程"计算机网络1"的课程名从"计算机网络1"改为"计算机网络"

*************************************************************************
*************************************************************************
2019-07-24 22:01:24
INFOMATION
god将课程"红烧肉制作"的选课属性从"选修"改为"必修"

*************************************************************************
*************************************************************************
2019-07-24 22:01:35
INFOMATION
god将课程"计算机网络"的学时从"80"改为"64"

*************************************************************************
*************************************************************************
2019-07-24 22:01:45
INFOMATION
god将课程"降龙十八掌"的学分从"3.0"改为"2.5"

*************************************************************************
*************************************************************************
2019-07-24 22:01:56
INFOMATION
god将学生"沐伊"的性别从"女"改为"男"

*************************************************************************
*************************************************************************
2019-07-24 22:01:59
INFOMATION
god将学生"沐伊"的性别从"男"改为"女"

*************************************************************************
*************************************************************************
2019-07-24 22:02:01
INFOMATION
god将学生"沐伊"的国籍从"中国"改为"中国1"

*************************************************************************
*************************************************************************
2019-07-24 22:02:05
INFOMATION
god将学生"沐伊"的国籍从"中国1"改为"中国"

*************************************************************************
*************************************************************************
2019-07-24 22:02:08
INFOMATION
god将学生"沐伊"的入学年份从"2017"改为"2019"

*************************************************************************
*************************************************************************
2019-07-24 22:02:11
INFOMATION
god将学生"沐伊"的入学年份从"2019"改为"2017"

*************************************************************************
*************************************************************************
2019-07-24 22:02:32
INFOMATION
god将学生"沐伊"的专业从"软件工程"改为"软件工程（移动互联网方向）"

*************************************************************************
*************************************************************************
2019-07-24 22:02:37
INFOMATION
god将学生"沐伊"的专业从"软件工程（移动互联网方向）"改为"软件工程"

*************************************************************************
